<?xml version="1.0" encoding="UTF-8"?>
<!-- Generated by org.testng.reporters.JUnitReportReporter -->
<testsuite hostname="DESKTOP-2VSJAVJ" failures="0" tests="1" name="testng.Demo" time="0.008" errors="0" timestamp="2022-04-11T20:49:32 IST" skipped="0">
  <testcase classname="testng.Demo" name="testDemo" time="0.008"/>
  <system-out>
    <![CDATA[bye
bye
bye]]>
  </system-out>
</testsuite> <!-- testng.Demo -->
