<?xml version="1.0" encoding="UTF-8"?>
<!-- Generated by org.testng.reporters.JUnitReportReporter -->
<testsuite hostname="DESKTOP-2VSJAVJ" failures="0" tests="1" name="testng.veryfiy" time="6.457" errors="0" timestamp="2022-04-11T13:22:16 IST" skipped="0">
  <testcase classname="testng.veryfiy" name="verifytitle" time="6.457"/>
  <system-out>
    <![CDATA[Title is Maching & pass]]>
  </system-out>
</testsuite> <!-- testng.veryfiy -->
