<?xml version="1.0" encoding="UTF-8"?>
<!-- Generated by org.testng.reporters.JUnitReportReporter -->
<testsuite hostname="DESKTOP-2VSJAVJ" failures="0" tests="1" name="testng.TW01_veryfiy" time="8.511" errors="0" timestamp="2022-05-08T18:22:34 IST" skipped="0">
  <testcase classname="testng.TW01_veryfiy" name="verifytitle" time="8.511"/>
  <system-out>
    <![CDATA[Title is Maching & pass]]>
  </system-out>
</testsuite> <!-- testng.TW01_veryfiy -->
