<?xml version="1.0" encoding="UTF-8"?>
<!-- Generated by org.testng.reporters.JUnitReportReporter -->
<testsuite hostname="DESKTOP-2VSJAVJ" failures="0" tests="1" name="testng.T05_customer" time="0.015" errors="0" timestamp="2022-04-17T20:08:19 IST" skipped="0">
  <testcase classname="testng.T05_customer" name="createCustomer" time="0.015"/>
  <system-out>
    <![CDATA[create Customer]]>
  </system-out>
</testsuite> <!-- testng.T05_customer -->
