<?xml version="1.0" encoding="UTF-8"?>
<!-- Generated by org.testng.reporters.JUnitReportReporter -->
<testsuite hostname="LAPTOP-3QEC0TB8" failures="0" tests="3" name="testng.T02_Customerodule" time="0.072" errors="0" timestamp="2022-09-26T11:16:43 IST" skipped="0">
  <testcase classname="testng.T02_Customerodule" name="createcustomer" time="0.038"/>
  <system-out>
    <![CDATA[Create Customer]]>
  </system-out>
  <testcase classname="testng.T02_Customerodule" name="deleteCustomer" time="0.012"/>
  <system-out>
    <![CDATA[Delete Customer]]>
  </system-out>
  <testcase classname="testng.T02_Customerodule" name="modifyCustomer" time="0.022"/>
  <system-out>
    <![CDATA[Modify Customer]]>
  </system-out>
</testsuite> <!-- testng.T02_Customerodule -->
