<?xml version="1.0" encoding="UTF-8"?>
<!-- Generated by org.testng.reporters.JUnitReportReporter -->
<testsuite hostname="DESKTOP-2VSJAVJ" failures="0" tests="1" name="testng.TW05_ActiProperty" time="8.624" errors="0" timestamp="2022-04-17T20:08:19 IST" skipped="0">
  <testcase classname="testng.TW05_ActiProperty" name="act" time="8.624"/>
  <system-out>
    <![CDATA[Login]]>
  </system-out>
</testsuite> <!-- testng.TW05_ActiProperty -->
