<?xml version="1.0" encoding="UTF-8"?>
<!-- Generated by org.testng.reporters.JUnitReportReporter -->
<testsuite hostname="DESKTOP-2VSJAVJ" failures="0" tests="1" name="testng.TW04_ActiTime" time="7.309" errors="0" timestamp="2022-04-17T20:08:19 IST" skipped="0">
  <testcase classname="testng.TW04_ActiTime" name="act" time="7.309"/>
  <system-out>
    <![CDATA[Login ActiTime]]>
  </system-out>
</testsuite> <!-- testng.TW04_ActiTime -->
