<?xml version="1.0" encoding="UTF-8"?>
<!-- Generated by org.testng.reporters.JUnitReportReporter -->
<testsuite hostname="DESKTOP-2VSJAVJ" failures="0" tests="1" name="testng.T01_Demo" time="0.001" errors="0" timestamp="2022-04-17T20:08:19 IST" skipped="0">
  <testcase classname="testng.T01_Demo" name="testDemo" time="0.001"/>
  <system-out>
    <![CDATA[bye
bye
bye]]>
  </system-out>
</testsuite> <!-- testng.T01_Demo -->
