<?xml version="1.0" encoding="UTF-8"?>
<!-- Generated by org.testng.reporters.JUnitReportReporter -->
<testsuite hostname="DESKTOP-2VSJAVJ" failures="0" tests="2" name="testng.T03_Annotation" time="0.009" errors="0" timestamp="2022-04-17T20:08:19 IST" skipped="0">
  <testcase classname="testng.T03_Annotation" name="deletecustomer" time="0.006"/>
  <system-out>
    <![CDATA[Delete Customer]]>
  </system-out>
  <testcase classname="testng.T03_Annotation" name="createcustomer" time="0.003"/>
  <system-out>
    <![CDATA[Create Customer]]>
  </system-out>
</testsuite> <!-- testng.T03_Annotation -->
