<?xml version="1.0" encoding="UTF-8"?>
<!-- Generated by org.testng.reporters.JUnitReportReporter -->
<testsuite hostname="DESKTOP-2VSJAVJ" failures="0" tests="3" name="testng.T04_Annotation" time="0.017" errors="0" timestamp="2022-04-17T20:08:19 IST" skipped="0">
  <testcase classname="testng.T04_Annotation" name="deleteCustomer" time="0.006"/>
  <system-out>
    <![CDATA[Delete Customer]]>
  </system-out>
  <testcase classname="testng.T04_Annotation" name="registerCustomer" time="0.006"/>
  <system-out>
    <![CDATA[Register Customer]]>
  </system-out>
  <testcase classname="testng.T04_Annotation" name="registerCustomer" time="0.005"/>
  <system-out>
    <![CDATA[Register Customer]]>
  </system-out>
</testsuite> <!-- testng.T04_Annotation -->
