<?xml version="1.0" encoding="UTF-8"?>
<!-- Generated by org.testng.reporters.JUnitReportReporter -->
<testsuite hostname="DESKTOP-2VSJAVJ" failures="0" tests="1" name="testng.TW02_VerifyTitle" time="4.334" errors="0" timestamp="2022-04-17T20:08:19 IST" skipped="0">
  <testcase classname="testng.TW02_VerifyTitle" name="verify" time="4.334"/>
  <system-out/>
</testsuite> <!-- testng.TW02_VerifyTitle -->
